This file contains any messages produced by compilers while
running configure, to aid debugging if configure makes a mistake.

It was created by configure, which was
generated by GNU Autoconf 2.68.  Invocation command line was

  $ ./configure --disable-option-checking --prefix=/usr/local --build=i686-pc-cygwin build_alias=win32 --host=win32 --target=win32 --disable-dynamic-ssl-lib CC=cc.sh CXX=cc.sh RANLIB=true AR=ar.sh host_alias=win32 target_alias=win32 ERL_TOP=/home/hl/otp_src_R15B01 --cache-file=/home/hl/otp_src_R15B01/erts/autoconf/win32.config.cache --srcdir=.

## --------- ##
## Platform. ##
## --------- ##

hostname = hl-lt
uname -m = i686
uname -r = 1.7.9(0.237/5/3)
uname -s = CYGWIN_NT-6.1-WOW64
uname -v = 2011-03-29 10:10

/usr/bin/uname -p = unknown
/bin/uname -X     = unknown

/bin/arch              = i686
/usr/bin/arch -k       = unknown
/usr/convex/getsysinfo = unknown
/usr/bin/hostinfo      = unknown
/bin/machine           = unknown
/usr/bin/oslevel       = unknown
/bin/universe          = unknown

PATH: /home/hl/otp_src_R15B01/erts/etc/win32/cygwin_tools/vc
PATH: /home/hl/otp_src_R15B01/erts/etc/win32/cygwin_tools
PATH: /cygdrive/c/PROGRA~1/MICROS~1.0/Common7/IDE
PATH: /cygdrive/c/PROGRA~1/MICROS~1.0/Common7/Tools
PATH: /cygdrive/c/PROGRA~1/MICROS~1.0/VC/Bin
PATH: /cygdrive/c/PROGRA~1/MIA713~1/Windows/v7.1/Bin/NETFX4~1.0TO
PATH: /cygdrive/c/PROGRA~1/MIA713~1/Windows/v7.1/Bin
PATH: /usr/local/bin
PATH: /usr/bin
PATH: /usr/bin
PATH: /cygdrive/c/WINDOWS/system32
PATH: /cygdrive/c/WINDOWS
PATH: /cygdrive/c/WINDOWS/system32/Wbem
PATH: /cygdrive/c/ERL59~1.1/bin


## ----------- ##
## Core tests. ##
## ----------- ##

configure:1592: loading cache /home/hl/otp_src_R15B01/erts/autoconf/win32.config.cache
configure:1946: checking for a BSD-compatible install
configure:2014: result: /usr/bin/install -c
configure:2025: checking how to create a directory including parents
configure:2046: result: /usr/bin/install -c -d
configure:2141: updating cache /home/hl/otp_src_R15B01/erts/autoconf/win32.config.cache
configure:2226: creating ./config.status

## ---------------------- ##
## Running config.status. ##
## ---------------------- ##

This file was extended by config.status, which was
generated by GNU Autoconf 2.68.  Invocation command line was

  CONFIG_FILES    = 
  CONFIG_HEADERS  = 
  CONFIG_LINKS    = 
  CONFIG_COMMANDS = 
  $ ./config.status 

on hl-lt

config.status:741: creating Makefile
config.status:741: creating make/win32/rules.mk

## ---------------- ##
## Cache variables. ##
## ---------------- ##

ac_cv_c_bigendian=no
ac_cv_c_compiler_gnu=no
ac_cv_c_const=yes
ac_cv_cxx_compiler_gnu=no
ac_cv_decl_h_errno=no
ac_cv_decl_inaddr_loopback=no
ac_cv_decl_inaddr_loopback_rpc=no
ac_cv_decl_inaddr_loopback_winsock2=yes
ac_cv_decl_so_bsdcompat=no
ac_cv_decl_sys_errlist=no
ac_cv_env_AR_set=set
ac_cv_env_AR_value=ar.sh
ac_cv_env_CCC_set=
ac_cv_env_CCC_value=
ac_cv_env_CC_set=set
ac_cv_env_CC_value=cc.sh
ac_cv_env_CFLAGS_set=
ac_cv_env_CFLAGS_value=
ac_cv_env_CFLAG_RUNTIME_LIBRARY_PATH_set=
ac_cv_env_CFLAG_RUNTIME_LIBRARY_PATH_value=
ac_cv_env_CPPFLAGS_set=
ac_cv_env_CPPFLAGS_value=
ac_cv_env_CPP_set=
ac_cv_env_CPP_value=
ac_cv_env_CXXFLAGS_set=
ac_cv_env_CXXFLAGS_value=
ac_cv_env_CXX_set=set
ac_cv_env_CXX_value=cc.sh
ac_cv_env_DED_LDFLAGS_set=
ac_cv_env_DED_LDFLAGS_value=
ac_cv_env_DED_LD_FLAG_RUNTIME_LIBRARY_PATH_set=
ac_cv_env_DED_LD_FLAG_RUNTIME_LIBRARY_PATH_value=
ac_cv_env_DED_LD_set=
ac_cv_env_DED_LD_value=
ac_cv_env_DIAMETER_TOP_set=
ac_cv_env_DIAMETER_TOP_value=
ac_cv_env_ERL_TOP_set=set
ac_cv_env_ERL_TOP_value=/home/hl/otp_src_R15B01
ac_cv_env_GETCONF_set=
ac_cv_env_GETCONF_value=
ac_cv_env_LDFLAGS_set=
ac_cv_env_LDFLAGS_value=
ac_cv_env_LD_set=
ac_cv_env_LD_value=
ac_cv_env_LFS_CFLAGS_set=
ac_cv_env_LFS_CFLAGS_value=
ac_cv_env_LFS_LDFLAGS_set=
ac_cv_env_LFS_LDFLAGS_value=
ac_cv_env_LFS_LIBS_set=
ac_cv_env_LFS_LIBS_value=
ac_cv_env_LIBS_set=
ac_cv_env_LIBS_value=
ac_cv_env_RANLIB_set=set
ac_cv_env_RANLIB_value=true
ac_cv_env_STATIC_CFLAGS_set=
ac_cv_env_STATIC_CFLAGS_value=
ac_cv_env_build_alias_set=set
ac_cv_env_build_alias_value=win32
ac_cv_env_erl_xcomp_after_morecore_hook_set=
ac_cv_env_erl_xcomp_after_morecore_hook_value=
ac_cv_env_erl_xcomp_bigendian_set=
ac_cv_env_erl_xcomp_bigendian_value=
ac_cv_env_erl_xcomp_clock_gettime_cpu_time_set=
ac_cv_env_erl_xcomp_clock_gettime_cpu_time_value=
ac_cv_env_erl_xcomp_dlsym_brk_wrappers_set=
ac_cv_env_erl_xcomp_dlsym_brk_wrappers_value=
ac_cv_env_erl_xcomp_getaddrinfo_set=
ac_cv_env_erl_xcomp_getaddrinfo_value=
ac_cv_env_erl_xcomp_gethrvtime_procfs_ioctl_set=
ac_cv_env_erl_xcomp_gethrvtime_procfs_ioctl_value=
ac_cv_env_erl_xcomp_isysroot_set=
ac_cv_env_erl_xcomp_isysroot_value=
ac_cv_env_erl_xcomp_kqueue_set=
ac_cv_env_erl_xcomp_kqueue_value=
ac_cv_env_erl_xcomp_linux_clock_gettime_correction_set=
ac_cv_env_erl_xcomp_linux_clock_gettime_correction_value=
ac_cv_env_erl_xcomp_linux_nptl_set=
ac_cv_env_erl_xcomp_linux_nptl_value=
ac_cv_env_erl_xcomp_linux_usable_sigaltstack_set=
ac_cv_env_erl_xcomp_linux_usable_sigaltstack_value=
ac_cv_env_erl_xcomp_linux_usable_sigusrx_set=
ac_cv_env_erl_xcomp_linux_usable_sigusrx_value=
ac_cv_env_erl_xcomp_poll_set=
ac_cv_env_erl_xcomp_poll_value=
ac_cv_env_erl_xcomp_putenv_copy_set=
ac_cv_env_erl_xcomp_putenv_copy_value=
ac_cv_env_erl_xcomp_reliable_fpe_set=
ac_cv_env_erl_xcomp_reliable_fpe_value=
ac_cv_env_erl_xcomp_sysroot_set=
ac_cv_env_erl_xcomp_sysroot_value=
ac_cv_env_host_alias_set=set
ac_cv_env_host_alias_value=win32
ac_cv_env_target_alias_set=set
ac_cv_env_target_alias_value=win32
ac_cv_exeext=.exe
ac_cv_func___brk=no
ac_cv_func___sbrk=no
ac_cv_func__brk=no
ac_cv_func__doprnt=no
ac_cv_func__sbrk=no
ac_cv_func_accept=no
ac_cv_func_alloca_works=yes
ac_cv_func_brk=no
ac_cv_func_clock_gettime=no
ac_cv_func_connect=no
ac_cv_func_decl_fread=no
ac_cv_func_dlopen=no
ac_cv_func_dup2=yes
ac_cv_func_finite=no
ac_cv_func_flockfile=no
ac_cv_func_fork=no
ac_cv_func_fork_works=no
ac_cv_func_fpsetmask=no
ac_cv_func_fstat=yes
ac_cv_func_gethostbyaddr=no
ac_cv_func_gethostbyaddr_r=no
ac_cv_func_gethostbyname2=no
ac_cv_func_gethostbyname=no
ac_cv_func_gethostbyname_r=no
ac_cv_func_gethostname=no
ac_cv_func_gethrtime=no
ac_cv_func_getipnodebyaddr=no
ac_cv_func_getipnodebyname=no
ac_cv_func_getpagesize=no
ac_cv_func_gettimeofday=no
ac_cv_func_gmtime_r=no
ac_cv_func_ieee_handler=no
ac_cv_func_inet_ntoa=no
ac_cv_func_isinf=no
ac_cv_func_isnan=no
ac_cv_func_localtime_r=no
ac_cv_func_mallopt=no
ac_cv_func_memchr=yes
ac_cv_func_memcmp_working=yes
ac_cv_func_memcpy=yes
ac_cv_func_memmove=yes
ac_cv_func_memset=yes
ac_cv_func_mmap_fixed_mapped=no
ac_cv_func_mremap=no
ac_cv_func_nl_langinfo=no
ac_cv_func_openpty=no
ac_cv_func_posix2time=no
ac_cv_func_pread=no
ac_cv_func_pwrite=no
ac_cv_func_res_gethostbyname=no
ac_cv_func_sbrk=no
ac_cv_func_select=no
ac_cv_func_setlocale=yes
ac_cv_func_setsid=no
ac_cv_func_socket=no
ac_cv_func_strchr=yes
ac_cv_func_strerror=yes
ac_cv_func_strerror_r=no
ac_cv_func_strlcat=no
ac_cv_func_strlcpy=no
ac_cv_func_strncasecmp=no
ac_cv_func_strrchr=yes
ac_cv_func_strstr=yes
ac_cv_func_uname=no
ac_cv_func_vfork=no
ac_cv_func_vfork_works=no
ac_cv_func_vprintf=yes
ac_cv_func_writev=no
ac_cv_header_arpa_inet_h=no
ac_cv_header_arpa_nameser_h=no
ac_cv_header_dirent_dirent_h=no
ac_cv_header_dirent_ndir_h=no
ac_cv_header_dirent_sys_dir_h=no
ac_cv_header_dirent_sys_ndir_h=no
ac_cv_header_dlfcn_h=no
ac_cv_header_fcntl_h=yes
ac_cv_header_gl_gl_h=yes
ac_cv_header_ieeefp_h=no
ac_cv_header_inttypes_h=no
ac_cv_header_langinfo_h=no
ac_cv_header_limits_h=yes
ac_cv_header_malloc_h=yes
ac_cv_header_memory_h=yes
ac_cv_header_net_errno_h=no
ac_cv_header_netdb_h=no
ac_cv_header_netinet_in_h=no
ac_cv_header_pty_h=no
ac_cv_header_stdc=yes
ac_cv_header_stddef_h=yes
ac_cv_header_stdint_h=no
ac_cv_header_stdlib_h=yes
ac_cv_header_string_h=yes
ac_cv_header_strings_h=no
ac_cv_header_sys_devpoll_h=no
ac_cv_header_sys_epoll_h=no
ac_cv_header_sys_event_h=no
ac_cv_header_sys_ioctl_h=no
ac_cv_header_sys_param_h=no
ac_cv_header_sys_select_h=no
ac_cv_header_sys_socket_h=no
ac_cv_header_sys_socketio_h=no
ac_cv_header_sys_sockio_h=no
ac_cv_header_sys_stat_h=yes
ac_cv_header_sys_stropts_h=no
ac_cv_header_sys_sysctl_h=no
ac_cv_header_sys_time_h=no
ac_cv_header_sys_types_h=yes
ac_cv_header_sys_uio_h=no
ac_cv_header_sys_wait_h=no
ac_cv_header_syslog_h=no
ac_cv_header_time=no
ac_cv_header_unistd_h=no
ac_cv_header_util_h=no
ac_cv_header_utmp_h=no
ac_cv_header_valgrind_valgrind_h=no
ac_cv_header_vfork_h=no
ac_cv_lib_dl_dlopen=no
ac_cv_lib_inet_main=no
ac_cv_lib_kstat_kstat_open=no
ac_cv_lib_m_sin=no
ac_cv_lib_nsl_gethostbyname=no
ac_cv_lib_nsl_main=no
ac_cv_lib_resolv_res_gethostbyname=no
ac_cv_lib_rt_clock_gettime=no
ac_cv_lib_socket_getpeername=no
ac_cv_lib_socket_main=yes
ac_cv_lib_socket_socket=no
ac_cv_lib_util_openpty=no
ac_cv_lib_ws2_32_main=yes
ac_cv_member_struct_ErlDrvEntry_stop_select=no
ac_cv_objext=o
ac_cv_path_MKDIR=/bin/mkdir
ac_cv_path_PERL=/usr/bin/perl
ac_cv_path_RM=/bin/rm
ac_cv_path_install='/usr/bin/install -c'
ac_cv_prog_AR=ar.sh
ac_cv_prog_CC=cc.sh
ac_cv_prog_CPP='cc.sh -E'
ac_cv_prog_CXX=cc.sh
ac_cv_prog_DED_LD=ld.sh
ac_cv_prog_LD=ld.sh
ac_cv_prog_M4=m4
ac_cv_prog_PERL=perl
ac_cv_prog_RANLIB=true
ac_cv_prog_ac_ct_DED_LD=ld.sh
ac_cv_prog_ac_ct_LD=ld.sh
ac_cv_prog_cc_c89=
ac_cv_prog_cc_g=yes
ac_cv_prog_cc_stdc=
ac_cv_prog_cxx_g=no
ac_cv_prog_egrep='grep -E'
ac_cv_prog_emu_cc=emu_cc.sh
ac_cv_prog_make_make_set=yes
ac_cv_prog_mkdir_p='/usr/bin/install -c -d'
ac_cv_search_opendir=no
ac_cv_search_strerror='none required'
ac_cv_sizeof_char=1
ac_cv_sizeof_int=4
ac_cv_sizeof_long=4
ac_cv_sizeof_long_long=8
ac_cv_sizeof_off_t=4
ac_cv_sizeof_short=2
ac_cv_sizeof_size_t=4
ac_cv_sizeof_void_p=4
ac_cv_struct_exception=no
ac_cv_struct_sockaddr_sa_len=no
ac_cv_struct_tm=time.h
ac_cv_sys_multicast_support=no
ac_cv_type_char=yes
ac_cv_type_int=yes
ac_cv_type_long=yes
ac_cv_type_long_long=yes
ac_cv_type_off_t=yes
ac_cv_type_pid_t=no
ac_cv_type_short=yes
ac_cv_type_signal=void
ac_cv_type_size_t=yes
ac_cv_type_uid_t=no
ac_cv_type_void_p=yes
ac_cv_working_alloca_h=no
erl_cv_time_correction=none
erts_cv___after_morecore_hook_can_track_malloc=no
erts_cv_fwrite_unlocked=no
erts_cv_have__end_symbol=no
erts_cv_have_end_symbol=no
erts_cv_putc_unlocked=no
erts_cv_windows_h_includes_winsock2_h=no

## ----------------- ##
## Output variables. ##
## ----------------- ##

DEFS='-DPACKAGE_NAME=\"\" -DPACKAGE_TARNAME=\"\" -DPACKAGE_VERSION=\"\" -DPACKAGE_STRING=\"\" -DPACKAGE_BUGREPORT=\"\" -DPACKAGE_URL=\"\"'
DIAMETER_TOP='/home/hl/otp_src_R15B01/lib/diameter'
ECHO_C=''
ECHO_N='-n'
ECHO_T=''
FOP=''
INSTALL_DATA='${INSTALL} -m 644'
INSTALL_DIR='/usr/bin/install -c -d'
INSTALL_PROGRAM='${INSTALL}'
INSTALL_SCRIPT='${INSTALL}'
LIBOBJS=''
LIBS=''
LTLIBOBJS=''
PACKAGE_BUGREPORT=''
PACKAGE_NAME=''
PACKAGE_STRING=''
PACKAGE_TARNAME=''
PACKAGE_URL=''
PACKAGE_VERSION=''
PATH_SEPARATOR=':'
SHELL='/bin/sh'
TARGET='win32'
XSLTPROC=''
bindir='${exec_prefix}/bin'
build='win32'
build_alias='win32'
build_cpu=''
build_os=''
build_vendor=''
datadir='${datarootdir}'
datarootdir='${prefix}/share'
docdir='${datarootdir}/doc/${PACKAGE}'
dvidir='${docdir}'
exec_prefix='${prefix}'
host='win32'
host_alias='win32'
host_cpu=''
host_os=''
host_vendor=''
htmldir='${docdir}'
includedir='${prefix}/include'
infodir='${datarootdir}/info'
libdir='${exec_prefix}/lib'
libexecdir='${exec_prefix}/libexec'
localedir='${datarootdir}/locale'
localstatedir='${prefix}/var'
mandir='${datarootdir}/man'
oldincludedir='/usr/include'
pdfdir='${docdir}'
prefix='/usr/local'
program_transform_name='s,x,x,'
psdir='${docdir}'
sbindir='${exec_prefix}/sbin'
sharedstatedir='${prefix}/com'
sysconfdir='${prefix}/etc'
target_alias='win32'

## ----------- ##
## confdefs.h. ##
## ----------- ##

/* confdefs.h */
#define PACKAGE_NAME ""
#define PACKAGE_TARNAME ""
#define PACKAGE_VERSION ""
#define PACKAGE_STRING ""
#define PACKAGE_BUGREPORT ""
#define PACKAGE_URL ""

configure: exit 0
