This file contains any messages produced by compilers while
running configure, to aid debugging if configure makes a mistake.

It was created by configure, which was
generated by GNU Autoconf 2.68.  Invocation command line was

  $ ./configure --disable-option-checking --prefix=/usr/local --build=i686-pc-cygwin build_alias=win32 --host=win32 --target=win32 --disable-dynamic-ssl-lib CC=cc.sh CXX=cc.sh RANLIB=true AR=ar.sh host_alias=win32 target_alias=win32 ERL_TOP=/home/hl/otp_src_R15B01 --cache-file=/home/hl/otp_src_R15B01/erts/autoconf/win32.config.cache --srcdir=.

## --------- ##
## Platform. ##
## --------- ##

hostname = hl-lt
uname -m = i686
uname -r = 1.7.9(0.237/5/3)
uname -s = CYGWIN_NT-6.1-WOW64
uname -v = 2011-03-29 10:10

/usr/bin/uname -p = unknown
/bin/uname -X     = unknown

/bin/arch              = i686
/usr/bin/arch -k       = unknown
/usr/convex/getsysinfo = unknown
/usr/bin/hostinfo      = unknown
/bin/machine           = unknown
/usr/bin/oslevel       = unknown
/bin/universe          = unknown

PATH: /home/hl/otp_src_R15B01/erts/etc/win32/cygwin_tools/vc
PATH: /home/hl/otp_src_R15B01/erts/etc/win32/cygwin_tools
PATH: /cygdrive/c/PROGRA~1/MICROS~1.0/Common7/IDE
PATH: /cygdrive/c/PROGRA~1/MICROS~1.0/Common7/Tools
PATH: /cygdrive/c/PROGRA~1/MICROS~1.0/VC/Bin
PATH: /cygdrive/c/PROGRA~1/MIA713~1/Windows/v7.1/Bin/NETFX4~1.0TO
PATH: /cygdrive/c/PROGRA~1/MIA713~1/Windows/v7.1/Bin
PATH: /usr/local/bin
PATH: /usr/bin
PATH: /usr/bin
PATH: /cygdrive/c/WINDOWS/system32
PATH: /cygdrive/c/WINDOWS
PATH: /cygdrive/c/WINDOWS/system32/Wbem
PATH: /cygdrive/c/ERL59~1.1/bin


## ----------- ##
## Core tests. ##
## ----------- ##

configure:2283: loading cache /home/hl/otp_src_R15B01/erts/autoconf/win32.config.cache
configure:2597: checking for win32-gcc
configure:2624: result: cc.sh
configure:2893: checking for C compiler version
configure:2902: cc.sh --version >&5
LINK : warning LNK4044: unrecognized option '/-version'; ignored
LINK : warning LNK4001: no object files specified; libraries used
LINK : warning LNK4068: /MACHINE not specified; defaulting to X86
LINK : fatal error LNK1561: entry point must be defined
configure:2913: $? = 25
configure:2902: cc.sh -v >&5
LINK : warning LNK4044: unrecognized option '/v'; ignored
LINK : warning LNK4001: no object files specified; libraries used
LINK : warning LNK4068: /MACHINE not specified; defaulting to X86
LINK : fatal error LNK1561: entry point must be defined
configure:2913: $? = 25
configure:2902: cc.sh -V >&5
LINK : warning LNK4044: unrecognized option '/V'; ignored
LINK : warning LNK4001: no object files specified; libraries used
LINK : warning LNK4068: /MACHINE not specified; defaulting to X86
LINK : fatal error LNK1561: entry point must be defined
configure:2913: $? = 25
configure:2902: cc.sh -qversion >&5
LINK : warning LNK4044: unrecognized option '/qversion'; ignored
LINK : warning LNK4001: no object files specified; libraries used
LINK : warning LNK4068: /MACHINE not specified; defaulting to X86
LINK : fatal error LNK1561: entry point must be defined
configure:2913: $? = 25
configure:2933: checking whether the C compiler works
configure:2955: cc.sh    conftest.c  >&5
configure:2959: $? = 0
configure:3007: result: yes
configure:3010: checking for C compiler default output file name
configure:3012: result: conftest.exe
configure:3018: checking for suffix of executables
configure:3025: cc.sh -o conftest.exe    conftest.c  >&5
configure:3029: $? = 0
configure:3051: result: .exe
configure:3073: checking whether we are cross compiling
configure:3081: cc.sh -o conftest.exe    conftest.c  >&5
configure:3085: $? = 0
configure:3092: ./conftest.exe
configure:3096: $? = 0
configure:3111: result: no
configure:3116: checking for suffix of object files
configure:3163: result: o
configure:3167: checking whether we are using the GNU C compiler
configure:3195: result: no
configure:3204: checking whether cc.sh accepts -g
configure:3265: result: yes
configure:3282: checking for cc.sh option to accept ISO C89
configure:3359: result: none needed
configure:3491: checking for C++ compiler version
configure:3500: cc.sh --version >&5
LINK : warning LNK4044: unrecognized option '/-version'; ignored
LINK : warning LNK4001: no object files specified; libraries used
LINK : warning LNK4068: /MACHINE not specified; defaulting to X86
LINK : fatal error LNK1561: entry point must be defined
configure:3511: $? = 25
configure:3500: cc.sh -v >&5
LINK : warning LNK4044: unrecognized option '/v'; ignored
LINK : warning LNK4001: no object files specified; libraries used
LINK : warning LNK4068: /MACHINE not specified; defaulting to X86
LINK : fatal error LNK1561: entry point must be defined
configure:3511: $? = 25
configure:3500: cc.sh -V >&5
LINK : warning LNK4044: unrecognized option '/V'; ignored
LINK : warning LNK4001: no object files specified; libraries used
LINK : warning LNK4068: /MACHINE not specified; defaulting to X86
LINK : fatal error LNK1561: entry point must be defined
configure:3511: $? = 25
configure:3500: cc.sh -qversion >&5
LINK : warning LNK4044: unrecognized option '/qversion'; ignored
LINK : warning LNK4001: no object files specified; libraries used
LINK : warning LNK4068: /MACHINE not specified; defaulting to X86
LINK : fatal error LNK1561: entry point must be defined
configure:3511: $? = 25
configure:3515: checking whether we are using the GNU C++ compiler
configure:3543: result: no
configure:3552: checking whether cc.sh accepts -g
configure:3613: result: no
configure:3639: checking for win32-ranlib
configure:3666: result: true
configure:3733: checking how to run the C preprocessor
configure:3803: result: cc.sh -E
configure:3823: cc.sh -E  conftest.c
configure:3823: $? = 0
configure:3837: cc.sh -E  conftest.c
conftest.c(9) : fatal error C1083: Cannot open include file: 'ac_nonexistent.h': No such file or directory
configure:3837: $? = 2
configure: failed program was:
| /* confdefs.h */
| #define PACKAGE_NAME ""
| #define PACKAGE_TARNAME ""
| #define PACKAGE_VERSION ""
| #define PACKAGE_STRING ""
| #define PACKAGE_BUGREPORT ""
| #define PACKAGE_URL ""
| /* end confdefs.h.  */
| #include <ac_nonexistent.h>
configure:3866: Building for win32
configure:3874: checking for mixed cygwin or msys and native VC++ environment
configure:3880: result: Cygwin and VC
configure:3913: checking for mixed cygwin and native MinGW environment
configure:3929: result: no
configure:3938: checking if we mix cygwin with any native compiler
configure:3941: result: yes
configure:3950: checking if we mix msys with another native compiler
configure:3956: result: no
configure:3972: checking for grep that handles long lines and -e
configure:4030: result: /usr/bin/grep
configure:4035: checking for egrep
configure:4097: result: /usr/bin/grep -E
configure:4102: checking for ANSI C header files
configure:4206: result: yes
configure:4219: checking for sys/types.h
configure:4219: result: yes
configure:4219: checking for sys/stat.h
configure:4219: result: yes
configure:4219: checking for stdlib.h
configure:4219: result: yes
configure:4219: checking for string.h
configure:4219: result: yes
configure:4219: checking for memory.h
configure:4219: result: yes
configure:4219: checking for strings.h
configure:4219: result: no
configure:4219: checking for inttypes.h
configure:4219: result: no
configure:4219: checking for stdint.h
configure:4219: result: no
configure:4219: checking for unistd.h
configure:4219: result: no
configure:4235: checking size of void *
configure:4254: result: 4
configure:4492: checking for gl/gl.h
configure:4492: result: yes
configure:5155: checking for wxWidgets in standard locations
configure:5225: result: failed
configure:5232: WARNING: Cannot find core lib version for wxWidgets
configure:5754: creating win32/config.status

## ---------------------- ##
## Running config.status. ##
## ---------------------- ##

This file was extended by config.status, which was
generated by GNU Autoconf 2.68.  Invocation command line was

  CONFIG_FILES    = 
  CONFIG_HEADERS  = 
  CONFIG_LINKS    = 
  CONFIG_COMMANDS = 
  $ win32/config.status 

on hl-lt

config.status:785: creating config.mk
config.status:785: creating c_src/Makefile

## ---------------- ##
## Cache variables. ##
## ---------------- ##

ac_cv_c_bigendian=no
ac_cv_c_compiler_gnu=no
ac_cv_c_const=yes
ac_cv_cxx_compiler_gnu=no
ac_cv_decl_h_errno=no
ac_cv_decl_inaddr_loopback=no
ac_cv_decl_inaddr_loopback_rpc=no
ac_cv_decl_inaddr_loopback_winsock2=yes
ac_cv_decl_so_bsdcompat=no
ac_cv_decl_sys_errlist=no
ac_cv_env_AR_set=set
ac_cv_env_AR_value=ar.sh
ac_cv_env_CCC_set=
ac_cv_env_CCC_value=
ac_cv_env_CC_set=set
ac_cv_env_CC_value=cc.sh
ac_cv_env_CFLAGS_set=
ac_cv_env_CFLAGS_value=
ac_cv_env_CFLAG_RUNTIME_LIBRARY_PATH_set=
ac_cv_env_CFLAG_RUNTIME_LIBRARY_PATH_value=
ac_cv_env_CPPFLAGS_set=
ac_cv_env_CPPFLAGS_value=
ac_cv_env_CPP_set=
ac_cv_env_CPP_value=
ac_cv_env_CXXFLAGS_set=
ac_cv_env_CXXFLAGS_value=
ac_cv_env_CXX_set=set
ac_cv_env_CXX_value=cc.sh
ac_cv_env_DED_LDFLAGS_set=
ac_cv_env_DED_LDFLAGS_value=
ac_cv_env_DED_LD_FLAG_RUNTIME_LIBRARY_PATH_set=
ac_cv_env_DED_LD_FLAG_RUNTIME_LIBRARY_PATH_value=
ac_cv_env_DED_LD_set=
ac_cv_env_DED_LD_value=
ac_cv_env_DIAMETER_TOP_set=
ac_cv_env_DIAMETER_TOP_value=
ac_cv_env_ERL_TOP_set=set
ac_cv_env_ERL_TOP_value=/home/hl/otp_src_R15B01
ac_cv_env_GETCONF_set=
ac_cv_env_GETCONF_value=
ac_cv_env_LDFLAGS_set=
ac_cv_env_LDFLAGS_value=
ac_cv_env_LD_set=
ac_cv_env_LD_value=
ac_cv_env_LFS_CFLAGS_set=
ac_cv_env_LFS_CFLAGS_value=
ac_cv_env_LFS_LDFLAGS_set=
ac_cv_env_LFS_LDFLAGS_value=
ac_cv_env_LFS_LIBS_set=
ac_cv_env_LFS_LIBS_value=
ac_cv_env_LIBS_set=
ac_cv_env_LIBS_value=
ac_cv_env_RANLIB_set=set
ac_cv_env_RANLIB_value=true
ac_cv_env_STATIC_CFLAGS_set=
ac_cv_env_STATIC_CFLAGS_value=
ac_cv_env_build_alias_set=set
ac_cv_env_build_alias_value=win32
ac_cv_env_erl_xcomp_after_morecore_hook_set=
ac_cv_env_erl_xcomp_after_morecore_hook_value=
ac_cv_env_erl_xcomp_bigendian_set=
ac_cv_env_erl_xcomp_bigendian_value=
ac_cv_env_erl_xcomp_clock_gettime_cpu_time_set=
ac_cv_env_erl_xcomp_clock_gettime_cpu_time_value=
ac_cv_env_erl_xcomp_dlsym_brk_wrappers_set=
ac_cv_env_erl_xcomp_dlsym_brk_wrappers_value=
ac_cv_env_erl_xcomp_getaddrinfo_set=
ac_cv_env_erl_xcomp_getaddrinfo_value=
ac_cv_env_erl_xcomp_gethrvtime_procfs_ioctl_set=
ac_cv_env_erl_xcomp_gethrvtime_procfs_ioctl_value=
ac_cv_env_erl_xcomp_isysroot_set=
ac_cv_env_erl_xcomp_isysroot_value=
ac_cv_env_erl_xcomp_kqueue_set=
ac_cv_env_erl_xcomp_kqueue_value=
ac_cv_env_erl_xcomp_linux_clock_gettime_correction_set=
ac_cv_env_erl_xcomp_linux_clock_gettime_correction_value=
ac_cv_env_erl_xcomp_linux_nptl_set=
ac_cv_env_erl_xcomp_linux_nptl_value=
ac_cv_env_erl_xcomp_linux_usable_sigaltstack_set=
ac_cv_env_erl_xcomp_linux_usable_sigaltstack_value=
ac_cv_env_erl_xcomp_linux_usable_sigusrx_set=
ac_cv_env_erl_xcomp_linux_usable_sigusrx_value=
ac_cv_env_erl_xcomp_poll_set=
ac_cv_env_erl_xcomp_poll_value=
ac_cv_env_erl_xcomp_putenv_copy_set=
ac_cv_env_erl_xcomp_putenv_copy_value=
ac_cv_env_erl_xcomp_reliable_fpe_set=
ac_cv_env_erl_xcomp_reliable_fpe_value=
ac_cv_env_erl_xcomp_sysroot_set=
ac_cv_env_erl_xcomp_sysroot_value=
ac_cv_env_host_alias_set=set
ac_cv_env_host_alias_value=win32
ac_cv_env_target_alias_set=set
ac_cv_env_target_alias_value=win32
ac_cv_exeext=.exe
ac_cv_func___brk=no
ac_cv_func___sbrk=no
ac_cv_func__brk=no
ac_cv_func__doprnt=no
ac_cv_func__sbrk=no
ac_cv_func_accept=no
ac_cv_func_alloca_works=yes
ac_cv_func_brk=no
ac_cv_func_clock_gettime=no
ac_cv_func_connect=no
ac_cv_func_decl_fread=no
ac_cv_func_dlopen=no
ac_cv_func_dup2=yes
ac_cv_func_finite=no
ac_cv_func_flockfile=no
ac_cv_func_fork=no
ac_cv_func_fork_works=no
ac_cv_func_fpsetmask=no
ac_cv_func_fstat=yes
ac_cv_func_gethostbyaddr=no
ac_cv_func_gethostbyaddr_r=no
ac_cv_func_gethostbyname2=no
ac_cv_func_gethostbyname=no
ac_cv_func_gethostbyname_r=no
ac_cv_func_gethostname=no
ac_cv_func_gethrtime=no
ac_cv_func_getipnodebyaddr=no
ac_cv_func_getipnodebyname=no
ac_cv_func_getpagesize=no
ac_cv_func_gettimeofday=no
ac_cv_func_gmtime_r=no
ac_cv_func_ieee_handler=no
ac_cv_func_inet_ntoa=no
ac_cv_func_isinf=no
ac_cv_func_isnan=no
ac_cv_func_localtime_r=no
ac_cv_func_mallopt=no
ac_cv_func_memchr=yes
ac_cv_func_memcmp_working=yes
ac_cv_func_memcpy=yes
ac_cv_func_memmove=yes
ac_cv_func_memset=yes
ac_cv_func_mmap_fixed_mapped=no
ac_cv_func_mremap=no
ac_cv_func_nl_langinfo=no
ac_cv_func_openpty=no
ac_cv_func_posix2time=no
ac_cv_func_pread=no
ac_cv_func_pwrite=no
ac_cv_func_res_gethostbyname=no
ac_cv_func_sbrk=no
ac_cv_func_select=no
ac_cv_func_setlocale=yes
ac_cv_func_setsid=no
ac_cv_func_socket=no
ac_cv_func_strchr=yes
ac_cv_func_strerror=yes
ac_cv_func_strerror_r=no
ac_cv_func_strlcat=no
ac_cv_func_strlcpy=no
ac_cv_func_strncasecmp=no
ac_cv_func_strrchr=yes
ac_cv_func_strstr=yes
ac_cv_func_uname=no
ac_cv_func_vfork=no
ac_cv_func_vfork_works=no
ac_cv_func_vprintf=yes
ac_cv_func_writev=no
ac_cv_header_arpa_inet_h=no
ac_cv_header_arpa_nameser_h=no
ac_cv_header_dirent_dirent_h=no
ac_cv_header_dirent_ndir_h=no
ac_cv_header_dirent_sys_dir_h=no
ac_cv_header_dirent_sys_ndir_h=no
ac_cv_header_dlfcn_h=no
ac_cv_header_fcntl_h=yes
ac_cv_header_gl_gl_h=yes
ac_cv_header_ieeefp_h=no
ac_cv_header_inttypes_h=no
ac_cv_header_langinfo_h=no
ac_cv_header_limits_h=yes
ac_cv_header_malloc_h=yes
ac_cv_header_memory_h=yes
ac_cv_header_net_errno_h=no
ac_cv_header_netdb_h=no
ac_cv_header_netinet_in_h=no
ac_cv_header_pty_h=no
ac_cv_header_stdc=yes
ac_cv_header_stddef_h=yes
ac_cv_header_stdint_h=no
ac_cv_header_stdlib_h=yes
ac_cv_header_string_h=yes
ac_cv_header_strings_h=no
ac_cv_header_sys_devpoll_h=no
ac_cv_header_sys_epoll_h=no
ac_cv_header_sys_event_h=no
ac_cv_header_sys_ioctl_h=no
ac_cv_header_sys_param_h=no
ac_cv_header_sys_select_h=no
ac_cv_header_sys_socket_h=no
ac_cv_header_sys_socketio_h=no
ac_cv_header_sys_sockio_h=no
ac_cv_header_sys_stat_h=yes
ac_cv_header_sys_stropts_h=no
ac_cv_header_sys_sysctl_h=no
ac_cv_header_sys_time_h=no
ac_cv_header_sys_types_h=yes
ac_cv_header_sys_uio_h=no
ac_cv_header_sys_wait_h=no
ac_cv_header_syslog_h=no
ac_cv_header_time=no
ac_cv_header_unistd_h=no
ac_cv_header_util_h=no
ac_cv_header_utmp_h=no
ac_cv_header_valgrind_valgrind_h=no
ac_cv_header_vfork_h=no
ac_cv_header_winsock2_h=yes
ac_cv_lib_dl_dlopen=no
ac_cv_lib_inet_main=no
ac_cv_lib_kstat_kstat_open=no
ac_cv_lib_lex='none needed'
ac_cv_lib_m_sin=no
ac_cv_lib_nsl_gethostbyname=no
ac_cv_lib_nsl_main=no
ac_cv_lib_odbc32_main=yes
ac_cv_lib_resolv_res_gethostbyname=no
ac_cv_lib_rt_clock_gettime=no
ac_cv_lib_socket_getpeername=no
ac_cv_lib_socket_main=yes
ac_cv_lib_socket_socket=no
ac_cv_lib_util_openpty=no
ac_cv_lib_ws2_32_main=yes
ac_cv_member_struct_ErlDrvEntry_stop_select=no
ac_cv_member_struct_sockaddr_in6_sin6_addr=yes
ac_cv_objext=o
ac_cv_path_EGREP='/usr/bin/grep -E'
ac_cv_path_GREP=/usr/bin/grep
ac_cv_path_MKDIR=/bin/mkdir
ac_cv_path_PERL=/usr/bin/perl
ac_cv_path_RM=/bin/rm
ac_cv_path_install='/usr/bin/install -c'
ac_cv_prog_AR=ar.sh
ac_cv_prog_CC=cc.sh
ac_cv_prog_CPP='cc.sh -E'
ac_cv_prog_CXX=cc.sh
ac_cv_prog_DED_LD=ld.sh
ac_cv_prog_LD=ld.sh
ac_cv_prog_LEX=flex
ac_cv_prog_M4=m4
ac_cv_prog_PERL=perl
ac_cv_prog_RANLIB=true
ac_cv_prog_ac_ct_DED_LD=ld.sh
ac_cv_prog_ac_ct_LD=ld.sh
ac_cv_prog_cc_c89=
ac_cv_prog_cc_g=yes
ac_cv_prog_cc_stdc=
ac_cv_prog_cxx_g=no
ac_cv_prog_egrep='grep -E'
ac_cv_prog_emu_cc=emu_cc.sh
ac_cv_prog_lex_root=lex.yy
ac_cv_prog_lex_yytext_pointer=no
ac_cv_prog_make_make_set=yes
ac_cv_prog_mkdir_p='/usr/bin/install -c -d'
ac_cv_search_opendir=no
ac_cv_search_strerror='none required'
ac_cv_sizeof_char=1
ac_cv_sizeof_int=4
ac_cv_sizeof_long=4
ac_cv_sizeof_long_long=8
ac_cv_sizeof_off_t=4
ac_cv_sizeof_short=2
ac_cv_sizeof_size_t=4
ac_cv_sizeof_void_p=4
ac_cv_struct_exception=no
ac_cv_struct_sockaddr_sa_len=no
ac_cv_struct_tm=time.h
ac_cv_sys_multicast_support=no
ac_cv_type_char=yes
ac_cv_type_int=yes
ac_cv_type_long=yes
ac_cv_type_long_long=yes
ac_cv_type_off_t=yes
ac_cv_type_pid_t=no
ac_cv_type_short=yes
ac_cv_type_signal=void
ac_cv_type_size_t=yes
ac_cv_type_uid_t=no
ac_cv_type_void_p=yes
ac_cv_working_alloca_h=no
erl_cv_time_correction=none
erts_cv___after_morecore_hook_can_track_malloc=no
erts_cv_fwrite_unlocked=no
erts_cv_have__end_symbol=no
erts_cv_have_end_symbol=no
erts_cv_putc_unlocked=no
erts_cv_windows_h_includes_winsock2_h=no

## ----------------- ##
## Output variables. ##
## ----------------- ##

CC='cc.sh'
CFLAGS='-g -Wall -O2 -Owx -DWIN32 -DWINVER=0x0500 -D_WINDOWS -D_UNICODE -DUNICODE  -DERTS_MIXED_CYGWIN_VC -D_WIN32_WINNT=0x0500 '
CPP='cc.sh -E'
CPPFLAGS=' -DERTS_MIXED_CYGWIN_VC -D_WIN32_WINNT=0x0500'
CXX='cc.sh'
CXXFLAGS='-g -Wall -O2 -Owx -DWIN32 -DWINVER=0x0500 -D_WINDOWS -D_UNICODE -DUNICODE  -DERTS_MIXED_CYGWIN_VC -D_WIN32_WINNT=0x0500'
DEBUG_CFLAGS='-g -Wall -DDEBUG -Owx -DWIN32 -DWINVER=0x0500 -D_WINDOWS -D_UNICODE -DUNICODE  -DERTS_MIXED_CYGWIN_VC -D_WIN32_WINNT=0x0500 '
DEBUG_CXXFLAGS='-g -Wall -DDEBUG -Owx -DWIN32 -DWINVER=0x0500 -D_WINDOWS -D_UNICODE -DUNICODE  -DERTS_MIXED_CYGWIN_VC -D_WIN32_WINNT=0x0500'
DEBUG_WX_CFLAGS=''
DEBUG_WX_CXXFLAGS=''
DEBUG_WX_LIBS=''
DEBUG_WX_LIBS_STATIC=''
DEFS='-DPACKAGE_NAME=\"\" -DPACKAGE_TARNAME=\"\" -DPACKAGE_VERSION=\"\" -DPACKAGE_STRING=\"\" -DPACKAGE_BUGREPORT=\"\" -DPACKAGE_URL=\"\" -DSTDC_HEADERS=1 -DHAVE_SYS_TYPES_H=1 -DHAVE_SYS_STAT_H=1 -DHAVE_STDLIB_H=1 -DHAVE_STRING_H=1 -DHAVE_MEMORY_H=1 -DSIZEOF_VOID_P=4 -DHAVE_GL_GL_H=1'
ECHO_C=''
ECHO_N='-n'
ECHO_T=''
EGREP='/usr/bin/grep -E'
ERLANG_ROOT_DIR='/home/hl/otp_src_R15B01'
ERLC='erlc'
EXEEXT='.exe'
FORCED_DEBUG_BUILD=''
GL_LIBS='-lglu32 -lOpengl32'
GREP='/usr/bin/grep'
HAVE_GL_SUPPORT=''
LDFLAGS='-dll '
LIBOBJS=''
LIBS=''
LTLIBOBJS=''
MIXED_CYGWIN='yes'
MIXED_CYGWIN_MINGW='no'
MIXED_CYGWIN_VC='yes'
MIXED_MSYS='no'
MIXED_MSYS_VC=''
MIXED_VC='yes'
OBJC_CC='cc.sh'
OBJC_CFLAGS=''
OBJEXT='o'
PACKAGE_BUGREPORT=''
PACKAGE_NAME=''
PACKAGE_STRING=''
PACKAGE_TARNAME=''
PACKAGE_URL=''
PACKAGE_VERSION=''
PATH_SEPARATOR=':'
RANLIB='true'
RC_FILE_TYPE=''
RUN_ERL='werl'
SHELL='/bin/sh'
SO_EXT='.dll'
TARGET='win32'
TESS_CB_TIGER_STYLE=''
WXERL_CAN_BUILD_DRIVER='false'
WXERL_SYS_TYPE='win32'
WX_BUILDING_INSIDE_ERLSRC='true'
WX_CFLAGS=''
WX_CFLAGS_ONLY=''
WX_CONFIG_PATH=''
WX_CPPFLAGS=''
WX_CXXFLAGS=''
WX_CXXFLAGS_ONLY=''
WX_HAVE_STATIC_LIBS='true'
WX_LIBS=''
WX_LIBS_STATIC=''
WX_RESCOMP=''
WX_VERSION=''
ac_ct_CC=''
ac_ct_CXX=''
bindir='${exec_prefix}/bin'
build='win32'
build_alias='win32'
build_cpu=''
build_os=''
build_vendor=''
datadir='${datarootdir}'
datarootdir='${prefix}/share'
docdir='${datarootdir}/doc/${PACKAGE}'
dvidir='${docdir}'
exec_prefix='${prefix}'
host='win32'
host_alias='win32'
host_cpu=''
host_os='win32'
host_vendor=''
htmldir='${docdir}'
includedir='${prefix}/include'
infodir='${datarootdir}/info'
libdir='${exec_prefix}/lib'
libexecdir='${exec_prefix}/libexec'
localedir='${datarootdir}/locale'
localstatedir='${prefix}/var'
mandir='${datarootdir}/man'
oldincludedir='/usr/include'
pdfdir='${docdir}'
prefix='/usr/local'
program_transform_name='s,x,x,'
psdir='${docdir}'
sbindir='${exec_prefix}/sbin'
sharedstatedir='${prefix}/com'
sysconfdir='${prefix}/etc'
target_alias='win32'

## ----------- ##
## confdefs.h. ##
## ----------- ##

/* confdefs.h */
#define PACKAGE_NAME ""
#define PACKAGE_TARNAME ""
#define PACKAGE_VERSION ""
#define PACKAGE_STRING ""
#define PACKAGE_BUGREPORT ""
#define PACKAGE_URL ""
#define STDC_HEADERS 1
#define HAVE_SYS_TYPES_H 1
#define HAVE_SYS_STAT_H 1
#define HAVE_STDLIB_H 1
#define HAVE_STRING_H 1
#define HAVE_MEMORY_H 1
#define SIZEOF_VOID_P 4
#define HAVE_GL_GL_H 1

configure: exit 0
