This file contains any messages produced by compilers while
running configure, to aid debugging if configure makes a mistake.

It was created by configure, which was
generated by GNU Autoconf 2.68.  Invocation command line was

  $ /home/hl/otp_src_R15B01/lib/configure --disable-option-checking --prefix=/usr/local --build=i686-pc-cygwin build_alias=win32 --host=win32 --target=win32 --disable-dynamic-ssl-lib CC=cc.sh CXX=cc.sh RANLIB=true AR=ar.sh host_alias=win32 target_alias=win32 ERL_TOP=/home/hl/otp_src_R15B01 --cache-file=/home/hl/otp_src_R15B01/erts/autoconf/win32.config.cache --srcdir=/home/hl/otp_src_R15B01/lib

## --------- ##
## Platform. ##
## --------- ##

hostname = hl-lt
uname -m = i686
uname -r = 1.7.9(0.237/5/3)
uname -s = CYGWIN_NT-6.1-WOW64
uname -v = 2011-03-29 10:10

/usr/bin/uname -p = unknown
/bin/uname -X     = unknown

/bin/arch              = i686
/usr/bin/arch -k       = unknown
/usr/convex/getsysinfo = unknown
/usr/bin/hostinfo      = unknown
/bin/machine           = unknown
/usr/bin/oslevel       = unknown
/bin/universe          = unknown

PATH: /home/hl/otp_src_R15B01/erts/etc/win32/cygwin_tools/vc
PATH: /home/hl/otp_src_R15B01/erts/etc/win32/cygwin_tools
PATH: /cygdrive/c/PROGRA~1/MICROS~1.0/Common7/IDE
PATH: /cygdrive/c/PROGRA~1/MICROS~1.0/Common7/Tools
PATH: /cygdrive/c/PROGRA~1/MICROS~1.0/VC/Bin
PATH: /cygdrive/c/PROGRA~1/MIA713~1/Windows/v7.1/Bin/NETFX4~1.0TO
PATH: /cygdrive/c/PROGRA~1/MIA713~1/Windows/v7.1/Bin
PATH: /usr/local/bin
PATH: /usr/bin
PATH: /usr/bin
PATH: /cygdrive/c/WINDOWS/system32
PATH: /cygdrive/c/WINDOWS
PATH: /cygdrive/c/WINDOWS/system32/Wbem
PATH: /cygdrive/c/ERL59~1.1/bin


## ----------- ##
## Core tests. ##
## ----------- ##

configure:1783: creating ./config.status

## ---------------------- ##
## Running config.status. ##
## ---------------------- ##

This file was extended by config.status, which was
generated by GNU Autoconf 2.68.  Invocation command line was

  CONFIG_FILES    = 
  CONFIG_HEADERS  = 
  CONFIG_LINKS    = 
  CONFIG_COMMANDS = 
  $ ./config.status 

on hl-lt

configure:2438: === configuring in snmp/. (/home/hl/otp_src_R15B01/lib/snmp/.)
configure:2501: running /bin/sh ./configure --disable-option-checking '--prefix=/usr/local'  '--build=i686-pc-cygwin' 'build_alias=win32' '--host=win32' '--target=win32' '--disable-dynamic-ssl-lib' 'CC=cc.sh' 'CXX=cc.sh' 'RANLIB=true' 'AR=ar.sh' 'host_alias=win32' 'target_alias=win32' 'ERL_TOP=/home/hl/otp_src_R15B01' --cache-file=/home/hl/otp_src_R15B01/erts/autoconf/win32.config.cache --srcdir=.
configure:2438: === configuring in common_test/. (/home/hl/otp_src_R15B01/lib/common_test/.)
configure:2501: running /bin/sh ./configure --disable-option-checking '--prefix=/usr/local'  '--build=i686-pc-cygwin' 'build_alias=win32' '--host=win32' '--target=win32' '--disable-dynamic-ssl-lib' 'CC=cc.sh' 'CXX=cc.sh' 'RANLIB=true' 'AR=ar.sh' 'host_alias=win32' 'target_alias=win32' 'ERL_TOP=/home/hl/otp_src_R15B01' --cache-file=/home/hl/otp_src_R15B01/erts/autoconf/win32.config.cache --srcdir=.
configure:2438: === configuring in diameter/. (/home/hl/otp_src_R15B01/lib/diameter/.)
configure:2501: running /bin/sh ./configure --disable-option-checking '--prefix=/usr/local'  '--build=i686-pc-cygwin' 'build_alias=win32' '--host=win32' '--target=win32' '--disable-dynamic-ssl-lib' 'CC=cc.sh' 'CXX=cc.sh' 'RANLIB=true' 'AR=ar.sh' 'host_alias=win32' 'target_alias=win32' 'ERL_TOP=/home/hl/otp_src_R15B01' --cache-file=/home/hl/otp_src_R15B01/erts/autoconf/win32.config.cache --srcdir=.
configure:2438: === configuring in erl_interface/. (/home/hl/otp_src_R15B01/lib/erl_interface/.)
configure:2501: running /bin/sh ./configure --disable-option-checking '--prefix=/usr/local'  '--build=i686-pc-cygwin' 'build_alias=win32' '--host=win32' '--target=win32' '--disable-dynamic-ssl-lib' 'CC=cc.sh' 'CXX=cc.sh' 'RANLIB=true' 'AR=ar.sh' 'host_alias=win32' 'target_alias=win32' 'ERL_TOP=/home/hl/otp_src_R15B01' --cache-file=/home/hl/otp_src_R15B01/erts/autoconf/win32.config.cache --srcdir=.
configure:2438: === configuring in gs/. (/home/hl/otp_src_R15B01/lib/gs/.)
configure:2501: running /bin/sh ./configure --disable-option-checking '--prefix=/usr/local'  '--build=i686-pc-cygwin' 'build_alias=win32' '--host=win32' '--target=win32' '--disable-dynamic-ssl-lib' 'CC=cc.sh' 'CXX=cc.sh' 'RANLIB=true' 'AR=ar.sh' 'host_alias=win32' 'target_alias=win32' 'ERL_TOP=/home/hl/otp_src_R15B01' --cache-file=/home/hl/otp_src_R15B01/erts/autoconf/win32.config.cache --srcdir=.
configure:2438: === configuring in megaco/. (/home/hl/otp_src_R15B01/lib/megaco/.)
configure:2501: running /bin/sh ./configure --disable-option-checking '--prefix=/usr/local'  '--build=i686-pc-cygwin' 'build_alias=win32' '--host=win32' '--target=win32' '--disable-dynamic-ssl-lib' 'CC=cc.sh' 'CXX=cc.sh' 'RANLIB=true' 'AR=ar.sh' 'host_alias=win32' 'target_alias=win32' 'ERL_TOP=/home/hl/otp_src_R15B01' --cache-file=/home/hl/otp_src_R15B01/erts/autoconf/win32.config.cache --srcdir=.
configure:2438: === configuring in odbc/. (/home/hl/otp_src_R15B01/lib/odbc/.)
configure:2501: running /bin/sh ./configure --disable-option-checking '--prefix=/usr/local'  '--build=i686-pc-cygwin' 'build_alias=win32' '--host=win32' '--target=win32' '--disable-dynamic-ssl-lib' 'CC=cc.sh' 'CXX=cc.sh' 'RANLIB=true' 'AR=ar.sh' 'host_alias=win32' 'target_alias=win32' 'ERL_TOP=/home/hl/otp_src_R15B01' --cache-file=/home/hl/otp_src_R15B01/erts/autoconf/win32.config.cache --srcdir=.
configure:2438: === configuring in wx/. (/home/hl/otp_src_R15B01/lib/wx/.)
configure:2501: running /bin/sh ./configure --disable-option-checking '--prefix=/usr/local'  '--build=i686-pc-cygwin' 'build_alias=win32' '--host=win32' '--target=win32' '--disable-dynamic-ssl-lib' 'CC=cc.sh' 'CXX=cc.sh' 'RANLIB=true' 'AR=ar.sh' 'host_alias=win32' 'target_alias=win32' 'ERL_TOP=/home/hl/otp_src_R15B01' --cache-file=/home/hl/otp_src_R15B01/erts/autoconf/win32.config.cache --srcdir=.

## ---------------- ##
## Cache variables. ##
## ---------------- ##

ac_cv_env_build_alias_set=set
ac_cv_env_build_alias_value=win32
ac_cv_env_host_alias_set=set
ac_cv_env_host_alias_value=win32
ac_cv_env_target_alias_set=set
ac_cv_env_target_alias_value=win32

## ----------------- ##
## Output variables. ##
## ----------------- ##

DEFS='-DPACKAGE_NAME=\"\" -DPACKAGE_TARNAME=\"\" -DPACKAGE_VERSION=\"\" -DPACKAGE_STRING=\"\" -DPACKAGE_BUGREPORT=\"\" -DPACKAGE_URL=\"\"'
ECHO_C=''
ECHO_N='-n'
ECHO_T=''
LIBOBJS=''
LIBS=''
LTLIBOBJS=''
PACKAGE_BUGREPORT=''
PACKAGE_NAME=''
PACKAGE_STRING=''
PACKAGE_TARNAME=''
PACKAGE_URL=''
PACKAGE_VERSION=''
PATH_SEPARATOR=':'
SHELL='/bin/sh'
bindir='${exec_prefix}/bin'
build_alias='win32'
datadir='${datarootdir}'
datarootdir='${prefix}/share'
docdir='${datarootdir}/doc/${PACKAGE}'
dvidir='${docdir}'
exec_prefix='${prefix}'
host_alias='win32'
htmldir='${docdir}'
includedir='${prefix}/include'
infodir='${datarootdir}/info'
libdir='${exec_prefix}/lib'
libexecdir='${exec_prefix}/libexec'
localedir='${datarootdir}/locale'
localstatedir='${prefix}/var'
mandir='${datarootdir}/man'
oldincludedir='/usr/include'
pdfdir='${docdir}'
prefix='/usr/local'
program_transform_name='s,x,x,'
psdir='${docdir}'
sbindir='${exec_prefix}/sbin'
sharedstatedir='${prefix}/com'
subdirs=' snmp/. common_test/. diameter/. erl_interface/. gs/. megaco/. odbc/. wx/.'
sysconfdir='${prefix}/etc'
target_alias='win32'

## ----------- ##
## confdefs.h. ##
## ----------- ##

/* confdefs.h */
#define PACKAGE_NAME ""
#define PACKAGE_TARNAME ""
#define PACKAGE_VERSION ""
#define PACKAGE_STRING ""
#define PACKAGE_BUGREPORT ""
#define PACKAGE_URL ""

configure: exit 0
